This is XeTeX, Version 3.14159265-2.6-0.999991 (TeX Live 2019/Debian) (preloaded format=xelatex 2020.10.29)  22 NOV 2020 15:37
entering extended mode
 restricted \write18 enabled.
 %&-line parsing enabled.
**Q7.tex
(./Q7.tex
LaTeX2e <2018-12-01>
! Undefined control sequence.
l.3 \مسئله
          {LALR یا SLR!}
The control sequence at the end of the top line
of your error message was never \def'ed. If you have
misspelled it (e.g., `\hobx'), type `I' and the correct
spelling (e.g., `I\hbox'). Otherwise just continue,
and I'll forget about whatever was undefined.


! LaTeX Error: Missing \begin{document}.

See the LaTeX manual or LaTeX Companion for explanation.
Type  H <return>  for immediate help.
 ...                                              
                                                  
l.3 \مسئله{L
            ALR یا SLR!}
You're in trouble here.  Try typing  <return>  to proceed.
If that doesn't work, type  X <return>  to quit.

Missing character: There is no L in font nullfont!
Missing character: There is no A in font nullfont!
Missing character: There is no L in font nullfont!
Missing character: There is no R in font nullfont!
Missing character: There is no ی in font nullfont!
Missing character: There is no ا in font nullfont!
Missing character: There is no S in font nullfont!
Missing character: There is no L in font nullfont!
Missing character: There is no R in font nullfont!
Missing character: There is no ! in font nullfont!

Overfull \hbox (20.0pt too wide) in paragraph at lines 3--4
[]
 []

! Undefined control sequence.
l.5 \پاسخ
         {اثبات به برهان خلف.}
The control sequence at the end of the top line
of your error message was never \def'ed. If you have
misspelled it (e.g., `\hobx'), type `I' and the correct
spelling (e.g., `I\hbox'). Otherwise just continue,
and I'll forget about whatever was undefined.


! LaTeX Error: Missing \begin{document}.

See the LaTeX manual or LaTeX Companion for explanation.
Type  H <return>  for immediate help.
 ...                                              
                                                  
l.5 \پاسخ{ا
           ثبات به برهان خلف.}
You're in trouble here.  Try typing  <return>  to proceed.
If that doesn't work, type  X <return>  to quit.

Missing character: There is no ا in font nullfont!
Missing character: There is no ث in font nullfont!
Missing character: There is no ب in font nullfont!
Missing character: There is no ا in font nullfont!
Missing character: There is no ت in font nullfont!
Missing character: There is no ب in font nullfont!
Missing character: There is no ه in font nullfont!
Missing character: There is no ب in font nullfont!
Missing character: There is no ر in font nullfont!
Missing character: There is no ه in font nullfont!
Missing character: There is no ا in font nullfont!
Missing character: There is no ن in font nullfont!
Missing character: There is no خ in font nullfont!
Missing character: There is no ل in font nullfont!
Missing character: There is no ف in font nullfont!
Missing character: There is no . in font nullfont!
)
! Emergency stop.
<*> Q7.tex
          
*** (job aborted, no legal \end found)

 
Here is how much of TeX's memory you used:
 4 strings out of 494818
 22 string characters out of 6174398
 56644 words of memory out of 5000000
 4044 multiletter control sequences out of 15000+600000
 3640 words of font info for 14 fonts, out of 8000000 for 9000
 36 hyphenation exceptions out of 8191
 5i,0n,4p,35b,16s stack positions out of 5000i,500n,10000p,200000b,80000s
No pages of output.
