This is XeTeX, Version 3.14159265-2.6-0.999992 (TeX Live 2020/W32TeX) (preloaded format=xelatex 2020.5.8)  11 DEC 2020 18:52
entering extended mode
 restricted \write18 enabled.
 %&-line parsing enabled.
**A1.tex
(./A1.tex
LaTeX2e <2020-02-02> patch level 5
L3 programming layer <2020-05-05>
(e:/Installs/texlive/2020/texmf-dist/tex/latex/base/article.cls
Document Class: article 2019/12/20 v1.4l Standard LaTeX document class
(e:/Installs/texlive/2020/texmf-dist/tex/latex/base/size12.clo
File: size12.clo 2019/12/20 v1.4l Standard LaTeX file (size option)
)
\c@part=\count163
\c@section=\count164
\c@subsection=\count165
\c@subsubsection=\count166
\c@paragraph=\count167
\c@subparagraph=\count168
\c@figure=\count169
\c@table=\count170
\abovecaptionskip=\skip47
\belowcaptionskip=\skip48
\bibindent=\dimen134
)
(e:/Installs/texlive/2020/texmf-dist/tex/latex/float/float.sty
Package: float 2001/11/08 v1.3d Float enhancements (AL)
\c@float@type=\count171
\float@exts=\toks15
\float@box=\box45
\@float@everytoks=\toks16
\@floatcapt=\box46
)
(e:/Installs/texlive/2020/texmf-dist/tex/latex/listings/listings.sty
(e:/Installs/texlive/2020/texmf-dist/tex/latex/graphics/keyval.sty
Package: keyval 2014/10/28 v1.15 key=value parser (DPC)
\KV@toks@=\toks17
)
\lst@mode=\count172
\lst@gtempboxa=\box47
\lst@token=\toks18
\lst@length=\count173
\lst@currlwidth=\dimen135
\lst@column=\count174
\lst@pos=\count175
\lst@lostspace=\dimen136
\lst@width=\dimen137
\lst@newlines=\count176
\lst@lineno=\count177
\lst@maxwidth=\dimen138

(e:/Installs/texlive/2020/texmf-dist/tex/latex/listings/lstmisc.sty
File: lstmisc.sty 2020/03/24 1.8d (Carsten Heinz)
\c@lstnumber=\count178
\lst@skipnumbers=\count179
\lst@framebox=\box48
)
(e:/Installs/texlive/2020/texmf-dist/tex/latex/listings/listings.cfg
File: listings.cfg 2020/03/24 1.8d listings configuration
))
Package: listings 2020/03/24 1.8d (Carsten Heinz)

(e:/Installs/texlive/2020/texmf-dist/tex/latex/psnfss/courier.sty
Package: courier 2020/03/25 PSNFSS-v9.3 (WaS) 
)
(e:/Installs/texlive/2020/texmf-dist/tex/latex/listings/lstlang1.sty
File: lstlang1.sty 2020/03/24 1.8d listings language file
)
(e:/Installs/texlive/2020/texmf-dist/tex/latex/caption/caption.sty
Package: caption 2020/01/03 v3.4h Customizing captions (AR)

(e:/Installs/texlive/2020/texmf-dist/tex/latex/caption/caption3.sty
Package: caption3 2020/01/03 v1.8h caption3 kernel (AR)
Package caption3 Info: TeX engine: e-TeX on input line 61.
\captionmargin=\dimen139
\captionmargin@=\dimen140
\captionwidth=\dimen141
\caption@tempdima=\dimen142
\caption@indent=\dimen143
\caption@parindent=\dimen144
\caption@hangindent=\dimen145
Package caption Info: Standard document class detected.
)
\c@caption@flags=\count180
\c@continuedfloat=\count181
Package caption Info: float package is loaded.
Package caption Info: listings package is loaded.
)
(./commons/course.sty
(e:/Installs/texlive/2020/texmf-dist/tex/latex/graphics/graphicx.sty
Package: graphicx 2019/11/30 v1.2a Enhanced LaTeX Graphics (DPC,SPQR)

(e:/Installs/texlive/2020/texmf-dist/tex/latex/graphics/graphics.sty
Package: graphics 2019/11/30 v1.4a Standard LaTeX Graphics (DPC,SPQR)

(e:/Installs/texlive/2020/texmf-dist/tex/latex/graphics/trig.sty
Package: trig 2016/01/03 v1.10 sin cos tan (DPC)
)
(e:/Installs/texlive/2020/texmf-dist/tex/latex/graphics-cfg/graphics.cfg
File: graphics.cfg 2016/06/04 v1.11 sample graphics configuration
)
Package graphics Info: Driver file: xetex.def on input line 105.

(e:/Installs/texlive/2020/texmf-dist/tex/latex/graphics-def/xetex.def
File: xetex.def 2017/06/24 v5.0h Graphics/color driver for xetex
))
\Gin@req@height=\dimen146
\Gin@req@width=\dimen147
)
(e:/Installs/texlive/2020/texmf-dist/tex/latex/xcolor/xcolor.sty
Package: xcolor 2016/05/11 v2.12 LaTeX color extensions (UK)

(e:/Installs/texlive/2020/texmf-dist/tex/latex/graphics-cfg/color.cfg
File: color.cfg 2016/01/02 v1.6 sample color configuration
)
Package xcolor Info: Package option `usenames' ignored on input line 216.
Package xcolor Info: Driver file: xetex.def on input line 225.

(e:/Installs/texlive/2020/texmf-dist/tex/latex/colortbl/colortbl.sty
Package: colortbl 2020/01/04 v1.0e Color table columns (DPC)

(e:/Installs/texlive/2020/texmf-dist/tex/latex/tools/array.sty
Package: array 2019/08/31 v2.4l Tabular extension package (FMi)
\col@sep=\dimen148
\ar@mcellbox=\box49
\extrarowheight=\dimen149
\NC@list=\toks19
\extratabsurround=\skip49
\backup@length=\skip50
\ar@cellbox=\box50
)
\everycr=\toks20
\minrowclearance=\skip51
)
\rownum=\count182
Package xcolor Info: Model `cmy' substituted by `cmy0' on input line 1348.
Package xcolor Info: Model `RGB' extended on input line 1364.
Package xcolor Info: Model `HTML' substituted by `rgb' on input line 1366.
Package xcolor Info: Model `Hsb' substituted by `hsb' on input line 1367.
Package xcolor Info: Model `tHsb' substituted by `hsb' on input line 1368.
Package xcolor Info: Model `HSB' substituted by `hsb' on input line 1369.
Package xcolor Info: Model `Gray' substituted by `gray' on input line 1370.
Package xcolor Info: Model `wave' substituted by `hsb' on input line 1371.

(e:/Installs/texlive/2020/texmf-dist/tex/latex/graphics/dvipsnam.def
File: dvipsnam.def 2016/06/17 v3.0m Driver-dependent file (DPC,SPQR)
)
(e:/Installs/texlive/2020/texmf-dist/tex/latex/xcolor/svgnam.def
File: svgnam.def 2016/05/11 v2.12 Predefined colors according to SVG 1.1 (UK)
))
(e:/Installs/texlive/2020/texmf-dist/tex/latex/pstricks/pstricks.sty
Package: pstricks 2018/12/21 v0.69 LaTeX wrapper for `PSTricks' (RN,HV)

(e:/Installs/texlive/2020/texmf-dist/tex/generic/iftex/iftex.sty
Package: iftex 2020/03/06 v1.0d TeX engine tests
)
(e:/Installs/texlive/2020/texmf-dist/tex/latex/tools/shellesc.sty
Package: shellesc 2019/11/08 v1.0c unified shell escape interface for LaTeX
Package shellesc Info: Restricted shell escape enabled on input line 77.
)
(e:/Installs/texlive/2020/texmf-dist/tex/generic/xkeyval/pst-xkey.tex
File: pst-xkey.tex 2005/11/25 v1.6 PSTricks specialization of xkeyval (HA)

(e:/Installs/texlive/2020/texmf-dist/tex/latex/xkeyval/xkeyval.sty
Package: xkeyval 2014/12/03 v2.7a package option processing (HA)

(e:/Installs/texlive/2020/texmf-dist/tex/generic/xkeyval/xkeyval.tex
(e:/Installs/texlive/2020/texmf-dist/tex/generic/xkeyval/xkvutils.tex
\XKV@toks=\toks21
\XKV@tempa@toks=\toks22
)
\XKV@depth=\count183
File: xkeyval.tex 2014/12/03 v2.7a key=value parser (HA)
)))
(e:/Installs/texlive/2020/texmf-dist/tex/generic/pstricks/pstricks.tex
(e:/Installs/texlive/2020/texmf-dist/tex/generic/pstricks/pst-fp.tex
`pst-fp' v0.05, 2010/01/17 (hv)
\pstFP@xs=\count184
\pstFP@xia=\count185
\pstFP@xib=\count186
\pstFP@xfa=\count187
\pstFP@xfb=\count188
\pstFP@rega=\count189
\pstFP@regb=\count190
\pstFP@regs=\count191
\pstFP@times=\count192
)
(e:/Installs/texlive/2020/texmf-dist/tex/generic/pgf/utilities/pgfutil-common.t
ex
\pgfutil@everybye=\toks23
\pgfutil@tempdima=\dimen150
\pgfutil@tempdimb=\dimen151

(e:/Installs/texlive/2020/texmf-dist/tex/generic/pgf/utilities/pgfutil-common-l
ists.tex))
(e:/Installs/texlive/2020/texmf-dist/tex/generic/pgf/utilities/pgfkeys.code.tex
\pgfkeys@pathtoks=\toks24
\pgfkeys@temptoks=\toks25

(e:/Installs/texlive/2020/texmf-dist/tex/generic/pgf/utilities/pgfkeysfiltered.
code.tex
\pgfkeys@tmptoks=\toks26
))
(e:/Installs/texlive/2020/texmf-dist/tex/generic/pgf/utilities/pgffor.code.tex
Loading pgffor.code.tex
(e:/Installs/texlive/2020/texmf-dist/tex/generic/pgf/math/pgfmath.code.tex
(e:/Installs/texlive/2020/texmf-dist/tex/generic/pgf/math/pgfmathcalc.code.tex
(e:/Installs/texlive/2020/texmf-dist/tex/generic/pgf/math/pgfmathutil.code.tex
\pgf@x=\dimen152
\pgf@xa=\dimen153
\pgf@xb=\dimen154
\pgf@xc=\dimen155
\pgf@y=\dimen156
\pgf@ya=\dimen157
\pgf@yb=\dimen158
\pgf@yc=\dimen159
\c@pgf@counta=\count193
\c@pgf@countb=\count194
\c@pgf@countc=\count195
\c@pgf@countd=\count196
\pgfutil@tempcnta=\count197
\pgfutil@tempcntb=\count198
)
(e:/Installs/texlive/2020/texmf-dist/tex/generic/pgf/math/pgfmathparser.code.te
x
\pgfmath@dimen=\dimen160
\pgfmath@count=\count199
\pgfmath@box=\box51
\pgfmath@toks=\toks27
\pgfmath@stack@operand=\toks28
\pgfmath@stack@operation=\toks29
)
(e:/Installs/texlive/2020/texmf-dist/tex/generic/pgf/math/pgfmathfunctions.code
.tex
(e:/Installs/texlive/2020/texmf-dist/tex/generic/pgf/math/pgfmathfunctions.basi
c.code.tex)
(e:/Installs/texlive/2020/texmf-dist/tex/generic/pgf/math/pgfmathfunctions.trig
onometric.code.tex)
(e:/Installs/texlive/2020/texmf-dist/tex/generic/pgf/math/pgfmathfunctions.rand
om.code.tex)
(e:/Installs/texlive/2020/texmf-dist/tex/generic/pgf/math/pgfmathfunctions.comp
arison.code.tex)
(e:/Installs/texlive/2020/texmf-dist/tex/generic/pgf/math/pgfmathfunctions.base
.code.tex)
(e:/Installs/texlive/2020/texmf-dist/tex/generic/pgf/math/pgfmathfunctions.roun
d.code.tex)
(e:/Installs/texlive/2020/texmf-dist/tex/generic/pgf/math/pgfmathfunctions.misc
.code.tex)
(e:/Installs/texlive/2020/texmf-dist/tex/generic/pgf/math/pgfmathfunctions.inte
gerarithmetics.code.tex)))
(e:/Installs/texlive/2020/texmf-dist/tex/generic/pgf/math/pgfmathfloat.code.tex
\c@pgfmathroundto@lastzeros=\count266
))
\pgffor@iter=\dimen161
\pgffor@skip=\dimen162
\pgffor@stack=\toks30
\pgffor@toks=\toks31
)
\psLoopIndex=\count267

`PSTricks' v2.97  <2019/05/11> (tvz,hv)
\pst@dima=\dimen163
\pst@dimb=\dimen164
\pst@dimc=\dimen165
\pst@dimd=\dimen166
\pst@dimg=\dimen167
\pst@dimh=\dimen168
\pst@dimm=\dimen169
\pst@dimn=\dimen170
\pst@dimo=\dimen171
\pst@dimp=\dimen172
\pst@hbox=\box52
\pst@ibox=\box53
\pst@boxg=\box54
\pst@cnta=\count268
\pst@cntb=\count269
\pst@cntc=\count270
\pst@cntd=\count271
\pst@cntg=\count272
\pst@cnth=\count273
\pst@cntm=\count274
\pst@cntn=\count275
\pst@cnto=\count276
\pst@cntp=\count277
\@zero=\count278
\pst@toks=\toks32
(e:/Installs/texlive/2020/texmf-dist/tex/xelatex/xetex-pstricks/pstricks.con
(e:/Installs/texlive/2020/texmf-dist/tex/generic/pstricks/config/xdvipdfmx.cfg)
)
\psunit=\dimen173
\psxunit=\dimen174
\psyunit=\dimen175
\pst@C@@rType=\count279
\pslinewidth=\dimen176
\psk@startLW=\dimen177
\psk@endLW=\dimen178
\pst@customdefs=\toks33
\pslinearc=\dimen179
\pst@symbolStep=\dimen180
\pst@symbolWidth=\dimen181
\pst@symbolLinewidth=\dimen182
\everypsbox=\toks34
\psframesep=\dimen183
\pslabelsep=\dimen184
\sh@wgridXunit=\dimen185
\sh@wgridYunit=\dimen186
\pst@shift=\dimen187
 (e:/Installs/texlive/2020/texmf-dist/tex/xelatex/xetex-pstricks/pstricks.con
(e:/Installs/texlive/2020/texmf-dist/tex/generic/pstricks/config/xdvipdfmx.cfg
Using PSTricks configuration for XeTeX+xdvipdfmx
)))
File: pstricks.tex 2019/05/11 v2.97 `PSTricks' (tvz,hv)
 (e:/Installs/texlive/2020/texmf-dist/tex/generic/pstricks/pst-fp.tex)
File: pst-fp.tex 2019/05/11 v2.97 `PST-fp' (hv)

>>> Loading XeTeX special macros
(e:/Installs/texlive/2020/texmf-dist/tex/generic/pstricks/pstricks-xetex.def))
(e:/Installs/texlive/2020/texmf-dist/tex/latex/base/inputenc.sty
Package: inputenc 2018/08/11 v1.3c Input encoding file
\inpenc@prehook=\toks35
\inpenc@posthook=\toks36


Package inputenc Warning: inputenc package ignored with utf8 based engines.

) (e:/Installs/texlive/2020/texmf-dist/tex/latex/tools/enumerate.sty
Package: enumerate 2015/07/23 v3.00 enumerate extensions (DPC)
\@enLab=\toks37
)
(e:/Installs/texlive/2020/texmf-dist/tex/latex/pgf/frontendlayer/tikz.sty
(e:/Installs/texlive/2020/texmf-dist/tex/latex/pgf/basiclayer/pgf.sty
(e:/Installs/texlive/2020/texmf-dist/tex/latex/pgf/utilities/pgfrcs.sty
(e:/Installs/texlive/2020/texmf-dist/tex/generic/pgf/utilities/pgfutil-common.t
ex
\pgfutil@everybye=\toks38
\pgfutil@tempdima=\dimen188
\pgfutil@tempdimb=\dimen189

(e:/Installs/texlive/2020/texmf-dist/tex/generic/pgf/utilities/pgfutil-common-l
ists.tex))
(e:/Installs/texlive/2020/texmf-dist/tex/generic/pgf/utilities/pgfutil-latex.de
f
\pgfutil@abb=\box55
 (e:/Installs/texlive/2020/texmf-dist/tex/latex/ms/everyshi.sty
Package: everyshi 2001/05/15 v3.00 EveryShipout Package (MS)
))
(e:/Installs/texlive/2020/texmf-dist/tex/generic/pgf/utilities/pgfrcs.code.tex
(e:/Installs/texlive/2020/texmf-dist/tex/generic/pgf/pgf.revision.tex)
Package: pgfrcs 2020/01/08 v3.1.5b (3.1.5b)
))
Package: pgf 2020/01/08 v3.1.5b (3.1.5b)

(e:/Installs/texlive/2020/texmf-dist/tex/latex/pgf/basiclayer/pgfcore.sty
(e:/Installs/texlive/2020/texmf-dist/tex/latex/pgf/systemlayer/pgfsys.sty
(e:/Installs/texlive/2020/texmf-dist/tex/generic/pgf/systemlayer/pgfsys.code.te
x
Package: pgfsys 2020/01/08 v3.1.5b (3.1.5b)

(e:/Installs/texlive/2020/texmf-dist/tex/generic/pgf/utilities/pgfkeys.code.tex
)
\pgf@x=\dimen190
\pgf@y=\dimen191
\pgf@xa=\dimen192
\pgf@ya=\dimen193
\pgf@xb=\dimen194
\pgf@yb=\dimen195
\pgf@xc=\dimen196
\pgf@yc=\dimen197
\pgf@xd=\dimen198
\pgf@yd=\dimen199
\w@pgf@writea=\write3
\r@pgf@reada=\read2
\c@pgf@counta=\count280
\c@pgf@countb=\count281
\c@pgf@countc=\count282
\c@pgf@countd=\count283
\t@pgf@toka=\toks39
\t@pgf@tokb=\toks40
\t@pgf@tokc=\toks41
\pgf@sys@id@count=\count284
 (e:/Installs/texlive/2020/texmf-dist/tex/generic/pgf/systemlayer/pgf.cfg
File: pgf.cfg 2020/01/08 v3.1.5b (3.1.5b)
)
Driver file for pgf: pgfsys-xetex.def

(e:/Installs/texlive/2020/texmf-dist/tex/generic/pgf/systemlayer/pgfsys-xetex.d
ef
File: pgfsys-xetex.def 2020/01/08 v3.1.5b (3.1.5b)

(e:/Installs/texlive/2020/texmf-dist/tex/generic/pgf/systemlayer/pgfsys-dvipdfm
x.def
File: pgfsys-dvipdfmx.def 2020/01/08 v3.1.5b (3.1.5b)

(e:/Installs/texlive/2020/texmf-dist/tex/generic/pgf/systemlayer/pgfsys-common-
pdf.def
File: pgfsys-common-pdf.def 2020/01/08 v3.1.5b (3.1.5b)
)
\pgfsys@objnum=\count285
)))
(e:/Installs/texlive/2020/texmf-dist/tex/generic/pgf/systemlayer/pgfsyssoftpath
.code.tex
File: pgfsyssoftpath.code.tex 2020/01/08 v3.1.5b (3.1.5b)
\pgfsyssoftpath@smallbuffer@items=\count286
\pgfsyssoftpath@bigbuffer@items=\count287
)
(e:/Installs/texlive/2020/texmf-dist/tex/generic/pgf/systemlayer/pgfsysprotocol
.code.tex
File: pgfsysprotocol.code.tex 2020/01/08 v3.1.5b (3.1.5b)
))
(e:/Installs/texlive/2020/texmf-dist/tex/generic/pgf/basiclayer/pgfcore.code.te
x
Package: pgfcore 2020/01/08 v3.1.5b (3.1.5b)
 (e:/Installs/texlive/2020/texmf-dist/tex/generic/pgf/math/pgfmath.code.tex)
(e:/Installs/texlive/2020/texmf-dist/tex/generic/pgf/math/pgfint.code.tex)
(e:/Installs/texlive/2020/texmf-dist/tex/generic/pgf/basiclayer/pgfcorepoints.c
ode.tex
File: pgfcorepoints.code.tex 2020/01/08 v3.1.5b (3.1.5b)
\pgf@picminx=\dimen256
\pgf@picmaxx=\dimen257
\pgf@picminy=\dimen258
\pgf@picmaxy=\dimen259
\pgf@pathminx=\dimen260
\pgf@pathmaxx=\dimen261
\pgf@pathminy=\dimen262
\pgf@pathmaxy=\dimen263
\pgf@xx=\dimen264
\pgf@xy=\dimen265
\pgf@yx=\dimen266
\pgf@yy=\dimen267
\pgf@zx=\dimen268
\pgf@zy=\dimen269
)
(e:/Installs/texlive/2020/texmf-dist/tex/generic/pgf/basiclayer/pgfcorepathcons
truct.code.tex
File: pgfcorepathconstruct.code.tex 2020/01/08 v3.1.5b (3.1.5b)
\pgf@path@lastx=\dimen270
\pgf@path@lasty=\dimen271
)
(e:/Installs/texlive/2020/texmf-dist/tex/generic/pgf/basiclayer/pgfcorepathusag
e.code.tex
File: pgfcorepathusage.code.tex 2020/01/08 v3.1.5b (3.1.5b)
\pgf@shorten@end@additional=\dimen272
\pgf@shorten@start@additional=\dimen273
)
(e:/Installs/texlive/2020/texmf-dist/tex/generic/pgf/basiclayer/pgfcorescopes.c
ode.tex
File: pgfcorescopes.code.tex 2020/01/08 v3.1.5b (3.1.5b)
\pgfpic=\box56
\pgf@hbox=\box57
\pgf@layerbox@main=\box58
\pgf@picture@serial@count=\count288
)
(e:/Installs/texlive/2020/texmf-dist/tex/generic/pgf/basiclayer/pgfcoregraphics
tate.code.tex
File: pgfcoregraphicstate.code.tex 2020/01/08 v3.1.5b (3.1.5b)
\pgflinewidth=\dimen274
)
(e:/Installs/texlive/2020/texmf-dist/tex/generic/pgf/basiclayer/pgfcoretransfor
mations.code.tex
File: pgfcoretransformations.code.tex 2020/01/08 v3.1.5b (3.1.5b)
\pgf@pt@x=\dimen275
\pgf@pt@y=\dimen276
\pgf@pt@temp=\dimen277
)
(e:/Installs/texlive/2020/texmf-dist/tex/generic/pgf/basiclayer/pgfcorequick.co
de.tex
File: pgfcorequick.code.tex 2020/01/08 v3.1.5b (3.1.5b)
)
(e:/Installs/texlive/2020/texmf-dist/tex/generic/pgf/basiclayer/pgfcoreobjects.
code.tex
File: pgfcoreobjects.code.tex 2020/01/08 v3.1.5b (3.1.5b)
)
(e:/Installs/texlive/2020/texmf-dist/tex/generic/pgf/basiclayer/pgfcorepathproc
essing.code.tex
File: pgfcorepathprocessing.code.tex 2020/01/08 v3.1.5b (3.1.5b)
)
(e:/Installs/texlive/2020/texmf-dist/tex/generic/pgf/basiclayer/pgfcorearrows.c
ode.tex
File: pgfcorearrows.code.tex 2020/01/08 v3.1.5b (3.1.5b)
\pgfarrowsep=\dimen278
)
(e:/Installs/texlive/2020/texmf-dist/tex/generic/pgf/basiclayer/pgfcoreshade.co
de.tex
File: pgfcoreshade.code.tex 2020/01/08 v3.1.5b (3.1.5b)
\pgf@max=\dimen279
\pgf@sys@shading@range@num=\count289
\pgf@shadingcount=\count290
)
(e:/Installs/texlive/2020/texmf-dist/tex/generic/pgf/basiclayer/pgfcoreimage.co
de.tex
File: pgfcoreimage.code.tex 2020/01/08 v3.1.5b (3.1.5b)

(e:/Installs/texlive/2020/texmf-dist/tex/generic/pgf/basiclayer/pgfcoreexternal
.code.tex
File: pgfcoreexternal.code.tex 2020/01/08 v3.1.5b (3.1.5b)
\pgfexternal@startupbox=\box59
))
(e:/Installs/texlive/2020/texmf-dist/tex/generic/pgf/basiclayer/pgfcorelayers.c
ode.tex
File: pgfcorelayers.code.tex 2020/01/08 v3.1.5b (3.1.5b)
)
(e:/Installs/texlive/2020/texmf-dist/tex/generic/pgf/basiclayer/pgfcoretranspar
ency.code.tex
File: pgfcoretransparency.code.tex 2020/01/08 v3.1.5b (3.1.5b)
)
(e:/Installs/texlive/2020/texmf-dist/tex/generic/pgf/basiclayer/pgfcorepatterns
.code.tex
File: pgfcorepatterns.code.tex 2020/01/08 v3.1.5b (3.1.5b)
)
(e:/Installs/texlive/2020/texmf-dist/tex/generic/pgf/basiclayer/pgfcorerdf.code
.tex
File: pgfcorerdf.code.tex 2020/01/08 v3.1.5b (3.1.5b)
)))
(e:/Installs/texlive/2020/texmf-dist/tex/generic/pgf/modules/pgfmoduleshapes.co
de.tex
File: pgfmoduleshapes.code.tex 2020/01/08 v3.1.5b (3.1.5b)
\pgfnodeparttextbox=\box60
)
(e:/Installs/texlive/2020/texmf-dist/tex/generic/pgf/modules/pgfmoduleplot.code
.tex
File: pgfmoduleplot.code.tex 2020/01/08 v3.1.5b (3.1.5b)
)
(e:/Installs/texlive/2020/texmf-dist/tex/latex/pgf/compatibility/pgfcomp-versio
n-0-65.sty
Package: pgfcomp-version-0-65 2020/01/08 v3.1.5b (3.1.5b)
\pgf@nodesepstart=\dimen280
\pgf@nodesepend=\dimen281
)
(e:/Installs/texlive/2020/texmf-dist/tex/latex/pgf/compatibility/pgfcomp-versio
n-1-18.sty
Package: pgfcomp-version-1-18 2020/01/08 v3.1.5b (3.1.5b)
))
(e:/Installs/texlive/2020/texmf-dist/tex/latex/pgf/utilities/pgffor.sty
(e:/Installs/texlive/2020/texmf-dist/tex/latex/pgf/utilities/pgfkeys.sty
(e:/Installs/texlive/2020/texmf-dist/tex/generic/pgf/utilities/pgfkeys.code.tex
)) (e:/Installs/texlive/2020/texmf-dist/tex/latex/pgf/math/pgfmath.sty
(e:/Installs/texlive/2020/texmf-dist/tex/generic/pgf/math/pgfmath.code.tex))
(e:/Installs/texlive/2020/texmf-dist/tex/generic/pgf/utilities/pgffor.code.tex
Package: pgffor 2020/01/08 v3.1.5b (3.1.5b)

(e:/Installs/texlive/2020/texmf-dist/tex/generic/pgf/math/pgfmath.code.tex)
\pgffor@iter=\dimen282
\pgffor@skip=\dimen283
\pgffor@stack=\toks42
\pgffor@toks=\toks43
))
(e:/Installs/texlive/2020/texmf-dist/tex/generic/pgf/frontendlayer/tikz/tikz.co
de.tex
Package: tikz 2020/01/08 v3.1.5b (3.1.5b)

(e:/Installs/texlive/2020/texmf-dist/tex/generic/pgf/libraries/pgflibraryplotha
ndlers.code.tex
File: pgflibraryplothandlers.code.tex 2020/01/08 v3.1.5b (3.1.5b)
\pgf@plot@mark@count=\count291
\pgfplotmarksize=\dimen284
)
\tikz@lastx=\dimen285
\tikz@lasty=\dimen286
\tikz@lastxsaved=\dimen287
\tikz@lastysaved=\dimen288
\tikz@lastmovetox=\dimen289
\tikz@lastmovetoy=\dimen290
\tikzleveldistance=\dimen291
\tikzsiblingdistance=\dimen292
\tikz@figbox=\box61
\tikz@figbox@bg=\box62
\tikz@tempbox=\box63
\tikz@tempbox@bg=\box64
\tikztreelevel=\count292
\tikznumberofchildren=\count293
\tikznumberofcurrentchild=\count294
\tikz@fig@count=\count295

(e:/Installs/texlive/2020/texmf-dist/tex/generic/pgf/modules/pgfmodulematrix.co
de.tex
File: pgfmodulematrix.code.tex 2020/01/08 v3.1.5b (3.1.5b)
\pgfmatrixcurrentrow=\count296
\pgfmatrixcurrentcolumn=\count297
\pgf@matrix@numberofcolumns=\count298
)
\tikz@expandcount=\count299

(e:/Installs/texlive/2020/texmf-dist/tex/generic/pgf/frontendlayer/tikz/librari
es/tikzlibrarytopaths.code.tex
File: tikzlibrarytopaths.code.tex 2020/01/08 v3.1.5b (3.1.5b)
)))
(e:/Installs/texlive/2020/texmf-dist/tex/latex/tcolorbox/tcolorbox.sty
Package: tcolorbox 2020/04/28 version 4.30 text color boxes

(e:/Installs/texlive/2020/texmf-dist/tex/latex/tools/verbatim.sty
Package: verbatim 2019/11/10 v1.5r LaTeX2e package for verbatim enhancements
\every@verbatim=\toks44
\verbatim@line=\toks45
\verbatim@in@stream=\read3
)
(e:/Installs/texlive/2020/texmf-dist/tex/latex/environ/environ.sty
Package: environ 2014/05/04 v0.3 A new way to define environments

(e:/Installs/texlive/2020/texmf-dist/tex/latex/trimspaces/trimspaces.sty
Package: trimspaces 2009/09/17 v1.1 Trim spaces around a token list
)
\@envbody=\toks46
)
(e:/Installs/texlive/2020/texmf-dist/tex/latex/etoolbox/etoolbox.sty
Package: etoolbox 2019/09/21 v2.5h e-TeX tools for LaTeX (JAW)
\etb@tempcnta=\count300
)
\tcb@titlebox=\box65
\tcb@upperbox=\box66
\tcb@lowerbox=\box67
\tcb@phantombox=\box68
\c@tcbbreakpart=\count301
\c@tcblayer=\count302
\c@tcolorbox@number=\count303
\tcb@temp=\box69
\tcb@temp=\box70
\tcb@temp=\box71
\tcb@temp=\box72
\tcb@out=\write4
\tcb@record@out=\write5
)
(e:/Installs/texlive/2020/texmf-dist/tex/latex/comment/comment.sty
\CommentStream=\write6

Excluding comment 'comment')
(e:/Installs/texlive/2020/texmf-dist/tex/latex/framed/framed.sty
Package: framed 2011/10/22 v 0.96: framed or shaded text with page breaks
\OuterFrameSep=\skip52
\fb@frw=\dimen293
\fb@frh=\dimen294
\FrameRule=\dimen295
\FrameSep=\dimen296
)
(e:/Installs/texlive/2020/texmf-dist/tex/latex/amscls/amsthm.sty
Package: amsthm 2017/10/31 v2.20.4
\thm@style=\toks47
\thm@bodyfont=\toks48
\thm@headfont=\toks49
\thm@notefont=\toks50
\thm@headpunct=\toks51
\thm@preskip=\skip53
\thm@postskip=\skip54
\thm@headsep=\skip55
\dth@everypar=\toks52
)
(e:/Installs/texlive/2020/texmf-dist/tex/latex/amsfonts/amssymb.sty
Package: amssymb 2013/01/14 v3.01 AMS font symbols

(e:/Installs/texlive/2020/texmf-dist/tex/latex/amsfonts/amsfonts.sty
Package: amsfonts 2013/01/14 v3.01 Basic AMSFonts support
\@emptytoks=\toks53
\symAMSa=\mathgroup4
\symAMSb=\mathgroup5
LaTeX Font Info:    Redeclaring math symbol \hbar on input line 98.
LaTeX Font Info:    Overwriting math alphabet `\mathfrak' in version `bold'
(Font)                  U/euf/m/n --> U/euf/b/n on input line 106.
))
(e:/Installs/texlive/2020/texmf-dist/tex/latex/amsmath/amsmath.sty
Package: amsmath 2020/01/20 v2.17e AMS math features
\@mathmargin=\skip56

For additional information on amsmath, use the `?' option.
(e:/Installs/texlive/2020/texmf-dist/tex/latex/amsmath/amstext.sty
Package: amstext 2000/06/29 v2.01 AMS text

(e:/Installs/texlive/2020/texmf-dist/tex/latex/amsmath/amsgen.sty
File: amsgen.sty 1999/11/30 v2.0 generic functions
\@emptytoks=\toks54
\ex@=\dimen297
))
(e:/Installs/texlive/2020/texmf-dist/tex/latex/amsmath/amsbsy.sty
Package: amsbsy 1999/11/29 v1.2d Bold Symbols
\pmbraise@=\dimen298
)
(e:/Installs/texlive/2020/texmf-dist/tex/latex/amsmath/amsopn.sty
Package: amsopn 2016/03/08 v2.02 operator names
)
\inf@bad=\count304
LaTeX Info: Redefining \frac on input line 227.
\uproot@=\count305
\leftroot@=\count306
LaTeX Info: Redefining \overline on input line 389.
\classnum@=\count307
\DOTSCASE@=\count308
LaTeX Info: Redefining \ldots on input line 486.
LaTeX Info: Redefining \dots on input line 489.
LaTeX Info: Redefining \cdots on input line 610.
\Mathstrutbox@=\box73
\strutbox@=\box74
\big@size=\dimen299
LaTeX Font Info:    Redeclaring font encoding OML on input line 733.
LaTeX Font Info:    Redeclaring font encoding OMS on input line 734.
\macc@depth=\count309
\c@MaxMatrixCols=\count310
\dotsspace@=\muskip16
\c@parentequation=\count311
\dspbrk@lvl=\count312
\tag@help=\toks55
\row@=\count313
\column@=\count314
\maxfields@=\count315
\andhelp@=\toks56
\eqnshift@=\dimen300
\alignsep@=\dimen301
\tagshift@=\dimen302
\tagwidth@=\dimen303
\totwidth@=\dimen304
\lineht@=\dimen305
\@envbody=\toks57
\multlinegap=\skip57
\multlinetaggap=\skip58
\mathdisplay@stack=\toks58
LaTeX Info: Redefining \[ on input line 2859.
LaTeX Info: Redefining \] on input line 2860.
)
(e:/Installs/texlive/2020/texmf-dist/tex/latex/bussproofs/bussproofs.sty
Proof Tree (bussproofs) style macros. Version 1.1.
\theLevel=\count316
\myMaxLevel=\count317
\myBoxA=\box75
\myBoxB=\box76
\myBoxC=\box77
\myBoxD=\box78
\myBoxLL=\box79
\myBoxRL=\box80
\thisAboveSkip=\dimen306
\thisBelowSkip=\dimen307
\newScoreStart=\dimen308
\newScoreEnd=\dimen309
\newCenter=\dimen310
\displace=\dimen311
\leftLowerAmt=\dimen312
\rightLowerAmt=\dimen313
\scoreHeight=\dimen314
\scoreDepth=\dimen315
\htLbox=\dimen316
\htRbox=\dimen317
\htRRbox=\dimen318
\htRRRbox=\dimen319
\htAbox=\dimen320
\htCbox=\dimen321
) (e:/Installs/texlive/2020/texmf-dist/tex/latex/xifthen/xifthen.sty
Package: xifthen 2015/11/05 v1.4.0 Extended ifthen features

(e:/Installs/texlive/2020/texmf-dist/tex/latex/tools/calc.sty
Package: calc 2017/05/25 v4.3 Infix arithmetic (KKT,FJ)
\calc@Acount=\count318
\calc@Bcount=\count319
\calc@Adimen=\dimen322
\calc@Bdimen=\dimen323
\calc@Askip=\skip59
\calc@Bskip=\skip60
LaTeX Info: Redefining \setlength on input line 80.
LaTeX Info: Redefining \addtolength on input line 81.
\calc@Ccount=\count320
\calc@Cskip=\skip61
)
(e:/Installs/texlive/2020/texmf-dist/tex/latex/base/ifthen.sty
Package: ifthen 2014/09/29 v1.1c Standard LaTeX ifthen package (DPC)
)
(e:/Installs/texlive/2020/texmf-dist/tex/latex/ifmtarg/ifmtarg.sty
Package: ifmtarg 2018/04/16 v1.2b check for an empty argument
))
(e:/Installs/texlive/2020/texmf-dist/tex/latex/l3packages/xparse/xparse.sty
(e:/Installs/texlive/2020/texmf-dist/tex/latex/l3kernel/expl3.sty
Package: expl3 2020-05-05 L3 programming layer (loader) 

(e:/Installs/texlive/2020/texmf-dist/tex/latex/l3backend/l3backend-xdvipdfmx.de
f
File: l3backend-xdvipdfmx.def 2020-05-05 L3 backend support: xdvipdfmx
\g__graphics_track_int=\count321
\l__pdf_internal_box=\box81
\g__pdf_backend_object_int=\count322
\g__pdf_backend_annotation_int=\count323
))
Package: xparse 2020-03-06 L3 Experimental document command parser
\l__xparse_current_arg_int=\count324
\g__xparse_grabber_int=\count325
\l__xparse_m_args_int=\count326
\l__xparse_v_nesting_int=\count327
)
(e:/Installs/texlive/2020/texmf-dist/tex/generic/pgf/frontendlayer/tikz/librari
es/tikzlibraryarrows.code.tex
File: tikzlibraryarrows.code.tex 2020/01/08 v3.1.5b (3.1.5b)

(e:/Installs/texlive/2020/texmf-dist/tex/generic/pgf/libraries/pgflibraryarrows
.code.tex
File: pgflibraryarrows.code.tex 2020/01/08 v3.1.5b (3.1.5b)
\arrowsize=\dimen324
))
(e:/Installs/texlive/2020/texmf-dist/tex/generic/pgf/frontendlayer/tikz/librari
es/tikzlibraryautomata.code.tex
File: tikzlibraryautomata.code.tex 2020/01/08 v3.1.5b (3.1.5b)

(e:/Installs/texlive/2020/texmf-dist/tex/generic/pgf/frontendlayer/tikz/librari
es/tikzlibraryshapes.multipart.code.tex
File: tikzlibraryshapes.multipart.code.tex 2020/01/08 v3.1.5b (3.1.5b)

(e:/Installs/texlive/2020/texmf-dist/tex/generic/pgf/libraries/shapes/pgflibrar
yshapes.multipart.code.tex
File: pgflibraryshapes.multipart.code.tex 2020/01/08 v3.1.5b (3.1.5b)
\pgfnodepartlowerbox=\box82
\pgfnodeparttwobox=\box83
\pgfnodepartthreebox=\box84
\pgfnodepartfourbox=\box85
\pgfnodeparttwentybox=\box86
\pgfnodepartnineteenbox=\box87
\pgfnodeparteighteenbox=\box88
\pgfnodepartseventeenbox=\box89
\pgfnodepartsixteenbox=\box90
\pgfnodepartfifteenbox=\box91
\pgfnodepartfourteenbox=\box92
\pgfnodepartthirteenbox=\box93
\pgfnodeparttwelvebox=\box94
\pgfnodepartelevenbox=\box95
\pgfnodeparttenbox=\box96
\pgfnodepartninebox=\box97
\pgfnodeparteightbox=\box98
\pgfnodepartsevenbox=\box99
\pgfnodepartsixbox=\box100
\pgfnodepartfivebox=\box101
)))
(e:/Installs/texlive/2020/texmf-dist/tex/latex/geometry/geometry.sty
Package: geometry 2020/01/02 v5.9 Page Geometry

(e:/Installs/texlive/2020/texmf-dist/tex/generic/iftex/ifvtex.sty
Package: ifvtex 2019/10/25 v1.7 ifvtex legacy package. Use iftex instead.
)
\Gm@cnth=\count328
\Gm@cntv=\count329
\c@Gm@tempcnt=\count330
\Gm@bindingoffset=\dimen325
\Gm@wd@mp=\dimen326
\Gm@odd@mp=\dimen327
\Gm@even@mp=\dimen328
\Gm@layoutwidth=\dimen329
\Gm@layoutheight=\dimen330
\Gm@layouthoffset=\dimen331
\Gm@layoutvoffset=\dimen332
\Gm@dimlist=\toks59
)
(e:/Installs/texlive/2020/texmf-dist/tex/xelatex/xepersian/xepersian.sty
Package: xepersian 2020-01-31 v22.8 Persian typesetting in XeLaTeX

(e:/Installs/texlive/2020/texmf-dist/tex/latex/fontspec/fontspec.sty
Package: fontspec 2020/02/21 v2.7i Font selection for XeLaTeX and LuaLaTeX

(e:/Installs/texlive/2020/texmf-dist/tex/latex/fontspec/fontspec-xetex.sty
Package: fontspec-xetex 2020/02/21 v2.7i Font selection for XeLaTeX and LuaLaTe
X
\l__fontspec_script_int=\count331
\l__fontspec_language_int=\count332
\l__fontspec_strnum_int=\count333
\l__fontspec_tmp_int=\count334
\l__fontspec_tmpa_int=\count335
\l__fontspec_tmpb_int=\count336
\l__fontspec_tmpc_int=\count337
\l__fontspec_em_int=\count338
\l__fontspec_emdef_int=\count339
\l__fontspec_strong_int=\count340
\l__fontspec_strongdef_int=\count341
\l__fontspec_tmpa_dim=\dimen333
\l__fontspec_tmpb_dim=\dimen334
\l__fontspec_tmpc_dim=\dimen335

(e:/Installs/texlive/2020/texmf-dist/tex/latex/base/fontenc.sty
Package: fontenc 2020/02/11 v2.0o Standard LaTeX package
)
(e:/Installs/texlive/2020/texmf-dist/tex/latex/fontspec/fontspec.cfg)))
(e:/Installs/texlive/2020/texmf-dist/tex/xelatex/xepersian/xepersian-persiancal
.sty
Package: xepersian-persiancal 2012/07/25 v0.2 provides Persian calendar
\XePersian@i=\count342
\XePersian@y=\count343
\XePersian@m=\count344
\XePersian@d=\count345
\XePersian@latini=\count346
\XePersian@persiani=\count347
\XePersian@latinii=\count348
\XePersian@persianii=\count349
\XePersian@latiniii=\count350
\XePersian@persianiii=\count351
\XePersian@latiniv=\count352
\XePersian@persianiv=\count353
\XePersian@latinv=\count354
\XePersian@persianv=\count355
\XePersian@latinvi=\count356
\XePersian@persianvi=\count357
\XePersian@latinvii=\count358
\XePersian@persianvii=\count359
\XePersian@latinviii=\count360
\XePersian@persianviii=\count361
\XePersian@latinix=\count362
\XePersian@persianix=\count363
\XePersian@latinx=\count364
\XePersian@persianx=\count365
\XePersian@latinxi=\count366
\XePersian@persianxi=\count367
\XePersian@latinxii=\count368
\XePersian@persianxii=\count369
\XePersian@persianxiii=\count370
\XePersian@temp=\count371
\XePersian@temptwo=\count372
\XePersian@tempthree=\count373
\XePersian@yModHundred=\count374
\XePersian@thirtytwo=\count375
\XePersian@dn=\count376
\XePersian@sn=\count377
\XePersian@mminusone=\count378
)
(e:/Installs/texlive/2020/texmf-dist/tex/xelatex/xepersian/xepersian-mathsdigit
spec.sty
Package: xepersian-mathsdigitspec 2018/12/16 v1.1.7 Unicode Persian maths digit
s in XeLaTeX
) (e:/Installs/texlive/2020/texmf-dist/tex/xelatex/bidi/bidi.sty
Package: bidi 2020-01-29 v35.11 Bidirectional typesetting in plain TeX and LaTe
X

****************************************************
* 
* bidi package (Bidirectional typesetting in
* plain TeX and LaTeX, using XeTeX engine)
* 
* Description: A convenient interface for
* typesetting bidirectional texts in plain TeX
* and LaTeX. The package includes adaptations
* for use with many other commonly-used packages.
* 
* Copyright (c) 2009--2019 Vafa Khalighi
* 2018-2020 bidi-tex GitHub Organisation
* 
* v35.11, 2020-01-29
* 
* License: LaTeX Project Public License, version
* 1.3c or higher (your choice)
* 
* Location on CTAN: /macros/xetex/latex/bidi
* 
* Issue tracker: https://github.com/bidi-tex/bidi/issues
* 
****************************************************
(e:/Installs/texlive/2020/texmf-dist/tex/xelatex/bidi/biditools.sty
Package: biditools 2020-01-29 v1.10 Programming tools for bidi package
\@bidi@envbody=\toks60
\@bidi@emptytoks=\toks61
\bidi@tempcountb=\count379
\bidi@temptoksa=\toks62
\bidi@temptoksb=\toks63
\bidi@dummies=\count380
\bidi@are@these@correct=\toks64
\bidi@toks@lista=\toks65
\bidi@toks@listb=\toks66
\bidi@stack@length=\count381
\bidi@empty@stack=\toks67
\bidi@looprepeat@depth=\count382
)
(e:/Installs/texlive/2020/texmf-dist/tex/latex/zref/zref-abspage.sty
Package: zref-abspage 2020-03-03 v2.29 Module abspage for zref (HO)

(e:/Installs/texlive/2020/texmf-dist/tex/latex/zref/zref-base.sty
Package: zref-base 2020-03-03 v2.29 Module base for zref (HO)

(e:/Installs/texlive/2020/texmf-dist/tex/generic/ltxcmds/ltxcmds.sty
Package: ltxcmds 2019/12/15 v1.24 LaTeX kernel commands for general use (HO)
)
(e:/Installs/texlive/2020/texmf-dist/tex/generic/infwarerr/infwarerr.sty
Package: infwarerr 2019/12/03 v1.5 Providing info/warning/error messages (HO)
)
(e:/Installs/texlive/2020/texmf-dist/tex/generic/kvsetkeys/kvsetkeys.sty
Package: kvsetkeys 2019/12/15 v1.18 Key value parser (HO)
)
(e:/Installs/texlive/2020/texmf-dist/tex/generic/kvdefinekeys/kvdefinekeys.sty
Package: kvdefinekeys 2019-12-19 v1.6 Define keys (HO)
) (e:/Installs/texlive/2020/texmf-dist/tex/latex/pdftexcmds/pdftexcmds.sty
Package: pdftexcmds 2019/11/24 v0.31 Utility functions of pdfTeX for LuaTeX (HO
)
Package pdftexcmds Info: \pdf@primitive is available.
Package pdftexcmds Info: \pdf@ifprimitive is available.
Package pdftexcmds Info: \pdfdraftmode not found.
)
(e:/Installs/texlive/2020/texmf-dist/tex/generic/etexcmds/etexcmds.sty
Package: etexcmds 2019/12/15 v1.7 Avoid name clashes with e-TeX commands (HO)
)
(e:/Installs/texlive/2020/texmf-dist/tex/latex/auxhook/auxhook.sty
Package: auxhook 2019-12-17 v1.6 Hooks for auxiliary files (HO)
)
Package zref Info: New property list: main on input line 763.
Package zref Info: New property: default on input line 764.
Package zref Info: New property: page on input line 765.
)
(e:/Installs/texlive/2020/texmf-dist/tex/generic/atbegshi/atbegshi.sty
Package: atbegshi 2019/12/05 v1.19 At begin shipout hook (HO)
)
\c@abspage=\count383
Package zref Info: New property: abspage on input line 66.
)
\@bidi@copyins@=\insert252

(e:/Installs/texlive/2020/texmf-dist/tex/xelatex/bidi/latex-xetex-bidi.def
File: latex-xetex-bidi.def 2019/03/03 v1.3.7 bidi adaptations for `latex.ltx' f
or XeTeX engine
\bidi@n@everypar=\toks68
\bidi@column@check@number=\count384

(e:/Installs/texlive/2020/texmf-dist/tex/xelatex/bidi/footnote-xetex-bidi.def
File: footnote-xetex-bidi.def 2017/08/09 v1.1 bidi footnote macros for XeTeX en
gine
\c@footdir@label=\count385
\footdir@toks=\toks69
)
(e:/Installs/texlive/2020/texmf-dist/tex/xelatex/bidi/article-xetex-bidi.def
File: article-xetex-bidi.def 2017/06/09 v0.6 bidi adaptations for standard arti
cle class for XeTeX engine
)
(e:/Installs/texlive/2020/texmf-dist/tex/xelatex/bidi/amsmath-xetex-bidi.def
File: amsmath-xetex-bidi.def 2018/01/08 v1.1 bidi adaptations for amsmath packa
ge for XeTeX engine
)
(e:/Installs/texlive/2020/texmf-dist/tex/xelatex/bidi/amstext-xetex-bidi.def
File: amstext-xetex-bidi.def 2016/09/12 v0.2 bidi adaptations for amstext packa
ge for XeTeX engine
)
(e:/Installs/texlive/2020/texmf-dist/tex/xelatex/bidi/amsthm-xetex-bidi.def
File: amsthm-xetex-bidi.def 2010/07/25 v0.1 bidi adaptations for amsthm package
 for XeTeX engine
)
(e:/Installs/texlive/2020/texmf-dist/tex/xelatex/bidi/caption-xetex-bidi.def
File: caption-xetex-bidi.def 2010/07/25 v0.1 bidi adaptations for caption packa
ge for XeTeX engine
)
(e:/Installs/texlive/2020/texmf-dist/tex/xelatex/bidi/caption3-xetex-bidi.def
File: caption3-xetex-bidi.def 2013/04/01 v0.1 bidi adaptations for caption3 pac
kage for XeTeX engine
)
(e:/Installs/texlive/2020/texmf-dist/tex/xelatex/bidi/color-xetex-bidi.def
File: color-xetex-bidi.def 2013/04/08 v0.2 bidi adaptations for color package f
or XeTeX engine
LaTeX Info: Redefining \color on input line 46.
)
(e:/Installs/texlive/2020/texmf-dist/tex/xelatex/bidi/xcolor-xetex-bidi.def
File: xcolor-xetex-bidi.def 2013/04/08 v0.2 bidi adaptations for xcolor package
 for XeTeX engine
LaTeX Info: Redefining \color on input line 45.
LaTeX Info: Redefining \bidicolor on input line 88.
)
(e:/Installs/texlive/2020/texmf-dist/tex/xelatex/bidi/colortbl-xetex-bidi.def
File: colortbl-xetex-bidi.def 2012/06/10 v0.2 bidi adaptations for colortbl pac
kage for XeTeX engine
)
(e:/Installs/texlive/2020/texmf-dist/tex/xelatex/bidi/float-xetex-bidi.def
File: float-xetex-bidi.def 2013/04/04 v0.2 bidi adaptations for float package f
or XeTeX engine
)
(e:/Installs/texlive/2020/texmf-dist/tex/xelatex/bidi/graphicx-xetex-bidi.def
File: graphicx-xetex-bidi.def 2017/06/17 v0.5 bidi adaptations for graphicx pac
kage for XeTeX engine
)
(e:/Installs/texlive/2020/texmf-dist/tex/xelatex/bidi/geometry-xetex-bidi.def
File: geometry-xetex-bidi.def 2017/01/14 v0.2 bidi adaptations for geometry pac
kage for XeTeX engine
)
(e:/Installs/texlive/2020/texmf-dist/tex/xelatex/bidi/framed-xetex-bidi.def
File: framed-xetex-bidi.def 2012/06/05 v0.3 bidi adaptations for framed package
 for XeTeX engine
)
(e:/Installs/texlive/2020/texmf-dist/tex/xelatex/bidi/listings-xetex-bidi.def
File: listings-xetex-bidi.def 2018/09/15 v1.5 bidi adaptations for listings pac
kage for XeTeX engine
)
(e:/Installs/texlive/2020/texmf-dist/tex/xelatex/bidi/pstricks-xetex-bidi.def
File: pstricks-xetex-bidi.def 2015/11/18 v0.5 bidi adaptations for pstricks pac
kage for XeTeX engine
)
(e:/Installs/texlive/2020/texmf-dist/tex/xelatex/bidi/pgfcorescopes.code-xetex-
bidi.def
File: pgfcorescopes.code-xetex-bidi.def 2015/11/14 v0.1 bidi adaptations for pg
f package for XeTeX engine
)
(e:/Installs/texlive/2020/texmf-dist/tex/xelatex/bidi/array-xetex-bidi.def
File: array-xetex-bidi.def 2015/11/07 v0.3 bidi adaptations for array package f
or XeTeX engine
)
(e:/Installs/texlive/2020/texmf-dist/tex/xelatex/bidi/tcolorbox-xetex-bidi.def
File: tcolorbox-xetex-bidi.def 2018/11/11 v0.2 bidi adaptations for tcolorbox p
ackage for XeTeX engine
))
(e:/Installs/texlive/2020/texmf-dist/tex/xelatex/bidi/loadingorder-xetex-bidi.d
ef
File: loadingorder-xetex-bidi.def 2017/12/29 v0.97 making sure that bidi is the
 last package loaded
)
\bidi@digits=\count386
\bidi@digits@charclass=\XeTeXcharclass1
\bidi@sepmark@charclass=\XeTeXcharclass2
)
****************************************************
* 
* xepersian package (Persian for LaTeX, using XeTeX engine)
* 
* Description: The package supports Persian
* typesetting, using fonts provided in the
* distribution.
* 
* Copyright (c) 2008-2019 Vafa Khalighi
* 2018-2020 bidi-tex GitHub Organisation
* 
* v22.8, 2020-01-31
* 
* License: LaTeX Project Public License, version
* 1.3c or higher (your choice)
* 
* Location on CTAN: /macros/xetex/latex/xepersian
* 
* Issue tracker: https://github.com/bidi-tex/xepersian/issues
* 
****************************************************
\xepersian@tcl=\count387
\xepersian@ilg=\dimen336
\xepersian@strutilg=\dimen337

(e:/Installs/texlive/2020/texmf-dist/tex/xelatex/xepersian/loadingorder-xepersi
an.def
File: loadingorder-xepersian.def 2018/09/29 v0.5 making sure that xepersian is 
the last package loaded
)
(e:/Installs/texlive/2020/texmf-dist/tex/xelatex/xepersian/footnote-xepersian.d
ef
File: footnote-xepersian.def 2017/08/09 v0.6 footnote macros for xepersian pack
age
)
(e:/Installs/texlive/2020/texmf-dist/tex/xelatex/xepersian/listings-xepersian.d
ef
File: listings-xepersian.def 2014/07/17 v0.3 bilingual captions for listings pa
ckage
)
(e:/Installs/texlive/2020/texmf-dist/tex/xelatex/xepersian/enumerate-xepersian.
def
File: enumerate-xepersian.def 2010/07/25 v0.1 adaptations for enumerate package

)
(e:/Installs/texlive/2020/texmf-dist/tex/xelatex/xepersian/framed-xepersian.def
File: framed-xepersian.def 2012/06/05 v0.1 xepersian adaptations for framed pac
kage for XeTeX engine
)
(e:/Installs/texlive/2020/texmf-dist/tex/xelatex/xepersian/tikz.code-xepersian.
def
File: tikz.code-xepersian.def 2018/12/11 v0.1 adaptations for tikz.code.tex fil
e
)
(e:/Installs/texlive/2020/texmf-dist/tex/xelatex/xepersian/article-xepersian.de
f
File: article-xepersian.def 2010/07/25 v0.2 adaptations for standard article cl
ass
)
(e:/Installs/texlive/2020/texmf-dist/tex/xelatex/xepersian/localise-xepersian.d
ef
File: localise-xepersian.def 2014/07/10 v0.2b Persian localisation of LaTeX2e

(e:/Installs/texlive/2020/texmf-dist/tex/xelatex/xepersian/latex-localise-comma
nds-xepersian.def
File: latex-localise-commands-xepersian.def 2014/02/05 v0.3 Persian localisatio
n of LaTeX2e commands
)
(e:/Installs/texlive/2020/texmf-dist/tex/xelatex/xepersian/xepersian-localise-c
ommands-xepersian.def
File: xepersian-localise-commands-xepersian.def 2012/07/25 v0.2 Persian localis
ation of XePersian commands
)
(e:/Installs/texlive/2020/texmf-dist/tex/xelatex/xepersian/latex-localise-envir
onments-xepersian.def
File: latex-localise-environments-xepersian.def 2010/07/25 v0.2 Persian localis
ation of LaTeX2e environments
)
(e:/Installs/texlive/2020/texmf-dist/tex/xelatex/xepersian/xepersian-localise-e
nvironments-xepersian.def
File: xepersian-localise-environments-xepersian.def 2010/07/25 v0.1 Persian loc
alisation of XePersian and bidi environments
)
(e:/Installs/texlive/2020/texmf-dist/tex/xelatex/xepersian/latex-localise-messa
ges-xepersian.def
File: latex-localise-messages-xepersian.def 2011/03/01 v0.1 localising LaTeX2e 
messages
)
(e:/Installs/texlive/2020/texmf-dist/tex/xelatex/xepersian/latex-localise-misc-
xepersian.def
File: latex-localise-misc-xepersian.def 2012/01/01 v0.2 miscellaneous Persian l
ocalisation of LaTeX2e
)
(e:/Installs/texlive/2020/texmf-dist/tex/xelatex/xepersian/packages-localise-xe
persian.def
File: packages-localise-xepersian.def 2013/04/24 v0.2 localising LaTeX2e Packag
es

(e:/Installs/texlive/2020/texmf-dist/tex/xelatex/xepersian/color-localise-xeper
sian.def
File: color-localise-xepersian.def 2011/03/01 v0.1 localising color package
)))
(e:/Installs/texlive/2020/texmf-dist/tex/xelatex/bidi/extrafootnotefeatures-xet
ex-bidi.def
File: extrafootnotefeatures-xetex-bidi.def 2018/10/11 v1.7 bidi extra footnote 
features for XeTeX engine
\footmarkwidth=\skip62
\footinsdim=\skip63
\footinsv@r=\insert251
\footinsv@l=\insert250
\@mpfootinsv@r=\insert249
\@mpfootinsv@l=\insert248
\m@m@k=\count388
\m@m@h=\dimen338
\m@mipn@skip=\skip64
)
(e:/Installs/texlive/2020/texmf-dist/tex/xelatex/xepersian/extrafootnotefeature
s-xepersian.def
File: extrafootnotefeatures-xepersian.def 2012/01/01 v0.2 footnote macros for e
xtrafootnotefeatures option of xepersian package
)

Package fontspec Info: Font family 'lmroman10-regular(0)' created for font
(fontspec)             'lmroman10-regular' with options
(fontspec)             [Ligatures=TeX,Path,BoldFont={lmroman10-bold},BoldItalic
Font={lmroman10-bolditalic},ItalicFont={lmroman10-italic},SmallCapsFont={lmroma
ncaps10-regular},SlantedFont={lmromanslant10-regular},BoldSlantedFont={lmromans
lant10-bold}].
(fontspec)              
(fontspec)              This font family consists of the following NFSS
(fontspec)             series/shapes:
(fontspec)              
(fontspec)             - 'normal' (m/n) with NFSS spec.:
(fontspec)             <->"[lmroman10-regular]/OT:script=latn;language=dflt;map
ping=tex-text;"
(fontspec)             - 'small caps'  (m/sc) with NFSS spec.:
(fontspec)             <->"[lmromancaps10-regular]/OT:script=latn;language=dflt
;mapping=tex-text;"
(fontspec)             - 'bold' (b/n) with NFSS spec.:
(fontspec)             <->"[lmroman10-bold]/OT:script=latn;language=dflt;mappin
g=tex-text;"
(fontspec)             - 'bold small caps'  (b/sc) with NFSS spec.:
(fontspec)             <->"[lmromancaps10-regular]/OT:script=latn;language=dflt
;mapping=tex-text;"
(fontspec)             - 'italic' (m/it) with NFSS spec.:
(fontspec)             <->"[lmroman10-italic]/OT:script=latn;language=dflt;mapp
ing=tex-text;"
(fontspec)             - 'italic small caps'  (m/scit) with NFSS spec.:
(fontspec)             <->"[lmromancaps10-regular]/OT:script=latn;language=dflt
;mapping=tex-text;"
(fontspec)             - 'slanted' (m/sl) with NFSS spec.:
(fontspec)             <->"[lmromanslant10-regular]/OT:script=latn;language=dfl
t;mapping=tex-text;"
(fontspec)             - 'slanted small caps'  (m/scsl) with NFSS spec.:
(fontspec)             <->"[lmromancaps10-regular]/OT:script=latn;language=dflt
;mapping=tex-text;"
(fontspec)             - 'bold italic' (b/it) with NFSS spec.:
(fontspec)             <->"[lmroman10-bolditalic]/OT:script=latn;language=dflt;
mapping=tex-text;"
(fontspec)             - 'bold italic small caps'  (b/scit) with NFSS spec.:
(fontspec)             <->"[lmromancaps10-regular]/OT:script=latn;language=dflt
;mapping=tex-text;"
(fontspec)             - 'bold slanted' (b/sl) with NFSS spec.:
(fontspec)             <->"[lmromanslant10-bold]/OT:script=latn;language=dflt;m
apping=tex-text;"
(fontspec)             - 'bold slanted small caps'  (b/scsl) with NFSS spec.:
(fontspec)             <->"[lmromancaps10-regular]/OT:script=latn;language=dflt
;mapping=tex-text;"

)
(e:/Installs/texlive/2020/texmf-dist/tex/latex/algorithmicx/algpseudocode.sty
Package: algpseudocode 

(e:/Installs/texlive/2020/texmf-dist/tex/latex/algorithmicx/algorithmicx.sty
Package: algorithmicx 2005/04/27 v1.2 Algorithmicx

Document Style algorithmicx 1.2 - a greatly improved `algorithmic' style
\c@ALG@line=\count389
\c@ALG@rem=\count390
\c@ALG@nested=\count391
\ALG@tlm=\skip65
\ALG@thistlm=\skip66
\c@ALG@Lnr=\count392
\c@ALG@blocknr=\count393
\c@ALG@storecount=\count394
\c@ALG@tmpcounter=\count395
\ALG@tmplength=\skip67
)
Document Style - pseudocode environments for use with the `algorithmicx' style
)

Package fontspec Info: Font family 'Arial(0)' created for font 'Arial' with
(fontspec)             options
(fontspec)             [Script=Persian,Ligatures=PersianTeX,Scale=1.0].
(fontspec)              
(fontspec)              This font family consists of the following NFSS
(fontspec)             series/shapes:
(fontspec)              
(fontspec)             - 'normal' (m/n) with NFSS spec.:
(fontspec)             <->s*[1.0]"Arial/OT:script=arab;language=dflt;mapping=pe
rsian-tex-text;"
(fontspec)             - 'small caps'  (m/sc) with NFSS spec.: 
(fontspec)             - 'bold' (b/n) with NFSS spec.:
(fontspec)             <->s*[1.0]"Arial/B/OT:script=arab;language=dflt;mapping=
persian-tex-text;"
(fontspec)             - 'bold small caps'  (b/sc) with NFSS spec.: 
(fontspec)             - 'italic' (m/it) with NFSS spec.:
(fontspec)             <->s*[1.0]"Arial/I/OT:script=arab;language=dflt;mapping=
persian-tex-text;"
(fontspec)             - 'italic small caps'  (m/scit) with NFSS spec.: 
(fontspec)             - 'bold italic' (b/it) with NFSS spec.:
(fontspec)             <->s*[1.0]"Arial/BI/OT:script=arab;language=dflt;mapping
=persian-tex-text;"
(fontspec)             - 'bold italic small caps'  (b/scit) with NFSS spec.: 

LaTeX Font Info:    Font shape `TU/Arial(0)/m/n' will be
(Font)              scaled to size 12.0pt on input line 31.
\c@لم=\count396
\c@قضیه=\count397
\c@مشاهده=\count398
\c@تعریف=\count399
\c@probcnt=\count400
\c@alef=\count401
) (./A1.aux)
\openout1 = `A1.aux'.

LaTeX Font Info:    Checking defaults for OML/cmm/m/it on input line 58.
LaTeX Font Info:    ... okay on input line 58.
LaTeX Font Info:    Checking defaults for OMS/cmsy/m/n on input line 58.
LaTeX Font Info:    ... okay on input line 58.
LaTeX Font Info:    Checking defaults for OT1/cmr/m/n on input line 58.
LaTeX Font Info:    ... okay on input line 58.
LaTeX Font Info:    Checking defaults for T1/cmr/m/n on input line 58.
LaTeX Font Info:    ... okay on input line 58.
LaTeX Font Info:    Checking defaults for TS1/cmr/m/n on input line 58.
LaTeX Font Info:    Trying to load font information for TS1+cmr on input line 5
8.
 (e:/Installs/texlive/2020/texmf-dist/tex/latex/base/ts1cmr.fd
File: ts1cmr.fd 2019/12/16 v2.5j Standard LaTeX font definitions
)
LaTeX Font Info:    ... okay on input line 58.
LaTeX Font Info:    Checking defaults for TU/lmr/m/n on input line 58.
LaTeX Font Info:    ... okay on input line 58.
LaTeX Font Info:    Checking defaults for OMX/cmex/m/n on input line 58.
LaTeX Font Info:    ... okay on input line 58.
LaTeX Font Info:    Checking defaults for U/cmr/m/n on input line 58.
LaTeX Font Info:    ... okay on input line 58.
\c@lstlisting=\count402
Package caption Info: Begin \AtBeginDocument code.
Package caption Info: End \AtBeginDocument code.

ABD: EveryShipout initializing macros
*geometry* driver: auto-detecting
*geometry* detected driver: xetex
*geometry* verbose mode - [ preamble ] result:
* driver: xetex
* paper: a4paper
* layout: <same size as paper>
* layoutoffset:(h,v)=(0.0pt,0.0pt)
* modes: 
* h-part:(L,W,R)=(72.26999pt, 452.9679pt, 72.26999pt)
* v-part:(T,H,B)=(72.26999pt, 700.50687pt, 72.26999pt)
* \paperwidth=597.50787pt
* \paperheight=845.04684pt
* \textwidth=452.9679pt
* \textheight=700.50687pt
* \oddsidemargin=0.0pt
* \evensidemargin=0.0pt
* \topmargin=-37.0pt
* \headheight=12.0pt
* \headsep=25.0pt
* \topskip=12.0pt
* \footskip=30.0pt
* \marginparwidth=35.0pt
* \marginparsep=10.0pt
* \columnsep=10.0pt
* \skip\footins=10.8pt plus 4.0pt minus 2.0pt
* \hoffset=0.0pt
* \voffset=0.0pt
* \mag=1000
* \@twocolumnfalse
* \@twosidefalse
* \@mparswitchfalse
* \@reversemarginfalse
* (1in=72.27pt=25.4mm, 1cm=28.453pt)

\AtBeginShipoutBox=\box102
File: commons/sharif.png Graphic file (type bmp)
<commons/sharif.png>
LaTeX Font Info:    Font shape `TU/Arial(0)/m/n' will be
(Font)              scaled to size 8.0pt on input line 62.
LaTeX Font Info:    Font shape `TU/Arial(0)/b/n' will be
(Font)              scaled to size 8.0pt on input line 62.
LaTeX Font Info:    Font shape `TU/Arial(0)/m/n' will be
(Font)              scaled to size 10.95pt on input line 62.
LaTeX Font Info:    Font shape `TU/Arial(0)/m/n' will be
(Font)              scaled to size 17.28pt on input line 62.
LaTeX Font Info:    Font shape `TU/Arial(0)/b/n' will be
(Font)              scaled to size 17.28pt on input line 62.
LaTeX Font Info:    Font shape `TU/Arial(0)/b/n' will be
(Font)              scaled to size 12.0pt on input line 62.

Underfull \hbox (badness 10000) in paragraph at lines 62--62
[][]
 []

LaTeX Font Info:    Font shape `TU/Arial(0)/m/n' will be
(Font)              scaled to size 14.4pt on input line 62.
(./Q1.tex
LaTeX Font Info:    Font shape `TU/Arial(0)/b/n' will be
(Font)              scaled to size 14.4pt on input line 4.
LaTeX Font Info:    Trying to load font information for U+msa on input line 4.
 (e:/Installs/texlive/2020/texmf-dist/tex/latex/amsfonts/umsa.fd
File: umsa.fd 2013/01/14 v3.01 AMS symbols A
)
LaTeX Font Info:    Trying to load font information for U+msb on input line 4.

(e:/Installs/texlive/2020/texmf-dist/tex/latex/amsfonts/umsb.fd
File: umsb.fd 2013/01/14 v3.01 AMS symbols B
)
Underfull \hbox (badness 10000) in paragraph at lines 40--40
[][]
 []

) (./Q2.tex) (./Q3.tex) (./Q4.tex) (./Q5.tex)

Package caption Warning: Unused \captionsetup[lstlisting] on input line 39.
See the caption package documentation for explanation.

[1

] [2] (./A1.aux) ) 
Here is how much of TeX's memory you used:
 28004 strings out of 479487
 588925 string characters out of 5885115
 912888 words of memory out of 5000000
 44804 multiletter control sequences out of 15000+600000
 539854 words of font info for 87 fonts, out of 8000000 for 9000
 1348 hyphenation exceptions out of 8191
 66i,9n,79p,4830b,358s stack positions out of 5000i,500n,10000p,200000b,80000s

Output written on A1.pdf (2 pages).
